This is LuaHBTeX, Version 1.13.2 (TeX Live 2021)  (format=lualatex 2021.5.9)  26 JAN 2025 21:23
 restricted system commands enabled.
**inddef.tex
(./inddef.tex
LaTeX2e <2020-10-01> patch level 4
Lua module: luaotfload 2021-01-08 3.17 Lua based OpenType font support
Lua module: lualibs 2020-12-30 2.73 ConTeXt Lua standard libraries.
Lua module: lualibs-extended 2020-12-30 2.73 ConTeXt Lua libraries -- extended c
ollection.
luaotfload | conf : Root cache directory is "/home/nogutaku/.texlive2021/texmf-v
ar/luatex-cache/generic/names".
luaotfload | init : Loading fontloader "fontloader-2021-01-07.lua" from kpse-res
olved path "/usr/local/texlive/2021/texmf-dist/tex/luatex/luaotfload/fontloader-
2021-01-07.lua".
Lua-only attribute luaotfload@noligature = 1
Lua-only attribute luaotfload@syllabe = 2
luaotfload | init : Context OpenType loader version 0x1.8e76c8b439581p+1
Inserting `luaotfload.node_processor' at position 1 in `pre_linebreak_filter'.
Inserting `luaotfload.node_processor' at position 1 in `hpack_filter'.
Inserting `luaotfload.glyph_stream' at position 1 in `glyph_stream_provider'.
Inserting `luaotfload.define_font' at position 1 in `define_font'.
Lua-only attribute luaotfload_color_attribute = 3
luaotfload | conf : Root cache directory is "/home/nogutaku/.texlive2021/texmf-v
ar/luatex-cache/generic/names".
Inserting `luaotfload.harf.strip_prefix' at position 1 in `find_opentype_file'.
Inserting `luaotfload.harf.strip_prefix' at position 1 in `find_truetype_file'.
Inserting `luaotfload.harf.finalize_vlist' at position 1 in `post_linebreak_filt
er'.
Inserting `luaotfload.harf.finalize_hlist' at position 2 in `hpack_filter'.
Inserting `luaotfload.cleanup_files' at position 1 in `wrapup_run'.
Inserting `luaotfload.harf.finalize_unicode' at position 1 in `finish_pdffile'.
Inserting `luaotfload.glyphinfo' at position 1 in `glyph_info'.
Inserting `luaotfload.aux.set_sscale_dimens' at position 1 in `luaotfload.patch_
font'.
Inserting `luaotfload.aux.set_font_index' at position 2 in `luaotfload.patch_fon
t'.
Inserting `luaotfload.aux.patch_cambria_domh' at position 3 in `luaotfload.patch
_font'.
Inserting `luaotfload.aux.fixup_fontdata' at position 1 in `luaotfload.patch_fon
t_unsafe'.
Inserting `luaotfload.aux.set_capheight' at position 4 in `luaotfload.patch_font
'.
Inserting `luaotfload.aux.set_xheight' at position 5 in `luaotfload.patch_font'.
Inserting `luaotfload.rewrite_fontname' at position 6 in `luaotfload.patch_font'
. L3 programming layer <2021-05-07>
(/usr/local/texlive/2021/texmf-dist/tex/luatex/luatexja/ltjsarticle.cls
Document Class: ltjsarticle 2020/12/23 ltjsclasses 
(/usr/local/texlive/2021/texmf-dist/tex/luatex/luatexja/luatexja.sty
Package: luatexja 2021-03-19 Japanese Typesetting with Lua(La)TeX

(/usr/local/texlive/2021/texmf-dist/tex/luatex/luatexja/luatexja-core.sty
Package: luatexja-core 2021-03-16 Core of LuaTeX-ja

(/usr/local/texlive/2021/texmf-dist/tex/luatex/luatexbase/luatexbase.sty
Package: luatexbase 2015/10/04 v1.3 luatexbase interface to LuaTeX 

(/usr/local/texlive/2021/texmf-dist/tex/luatex/ctablestack/ctablestack.sty
Package: ctablestack 2015/10/01 v1.0 Catcode table stable support
\@catcodetablestackcnt=\count175
)
\CatcodeTableOther=\catcodetable12
\CatcodeTableExpl=\catcodetable13
)
(/usr/local/texlive/2021/texmf-dist/tex/generic/ltxcmds/ltxcmds.sty
Package: ltxcmds 2020-05-10 v1.25 LaTeX kernel commands for general use (HO)
)
(/usr/local/texlive/2021/texmf-dist/tex/generic/pdftexcmds/pdftexcmds.sty
Package: pdftexcmds 2020-06-27 v0.33 Utility functions of pdfTeX for LuaTeX (HO
)

(/usr/local/texlive/2021/texmf-dist/tex/generic/infwarerr/infwarerr.sty
Package: infwarerr 2019/12/03 v1.5 Providing info/warning/error messages (HO)
)
(/usr/local/texlive/2021/texmf-dist/tex/generic/iftex/iftex.sty
Package: iftex 2020/03/06 v1.0d TeX engine tests
)
Package pdftexcmds Info: \pdf@primitive is available.
Package pdftexcmds Info: \pdf@ifprimitive is available.
Package pdftexcmds Info: \pdfdraftmode found.
\pdftexcmds@toks=\toks15
)
(/usr/local/texlive/2021/texmf-dist/tex/latex/xkeyval/xkeyval.sty
Package: xkeyval 2020/11/20 v2.8 package option processing (HA)

(/usr/local/texlive/2021/texmf-dist/tex/generic/xkeyval/xkeyval.tex
(/usr/local/texlive/2021/texmf-dist/tex/generic/xkeyval/xkvutils.tex
\XKV@toks=\toks16
\XKV@tempa@toks=\toks17

(/usr/local/texlive/2021/texmf-dist/tex/generic/xkeyval/keyval.tex))
\XKV@depth=\count176
File: xkeyval.tex 2014/12/03 v2.7a key=value parser (HA)
))
(/usr/local/texlive/2021/texmf-dist/tex/latex/etoolbox/etoolbox.sty
Package: etoolbox 2020/10/05 v2.5k e-TeX tools for LaTeX (JAW)
\etb@tempcnta=\count177
)
(/usr/local/texlive/2021/texmf-dist/tex/latex/everyhook/everyhook.sty
(/usr/local/texlive/2021/texmf-dist/tex/latex/svn-prov/svn-prov.sty
Package: svn-prov 2010/04/24 v3.1862 Package Date/Version from SVN Keywords
)
Package: everyhook 2014/11/26 v1.2 (SVN Rev: 12)\ Hooks for low level TeX every
X primitives.
\everypar=\toks18
\frozen@everymath=\toks19
\frozen@everydisplay=\toks20
\everyhbox=\toks21
\everyvbox=\toks22
\everycr=\toks23
)
\ltjlineendcomment=\count178
\ltj@dimen@zw=\dimen138
\ltj@dimen@zh=\dimen139
\ltj@dimen@jQ=\dimen140
\ltj@icflag=\attribute4
\ltj@curjfnt=\attribute5
\ltj@curtfnt=\attribute6
\ltj@charclass=\attribute7
\ltj@charcode=\attribute8
\ltj@autospc=\attribute9
\ltj@autoxspc=\attribute10
\ltj@yablshift=\attribute11
\ltj@ykblshift=\attribute12
\ltj@tablshift=\attribute13
\ltj@tkblshift=\attribute14
\jfam=\attribute15
\ltj@vert@ori=\attribute16
\ltj@dir=\attribute17
\ltj@@japanese=\language2
\ltj@tempcnta=\count179
\ltj@kcat0=\attribute18
\ltj@kcat1=\attribute19
\ltj@kcat2=\attribute20
\ltj@kcat3=\attribute21
\ltj@kcat4=\attribute22
\ltj@kcat5=\attribute23
\ltj@kcat6=\attribute24
Custom whatsit inhibitglue = 1
Custom whatsit stack_marker = 2
Custom whatsit begin_par = 3
Custom whatsit direction = 4
Custom whatsit box_boundary = 5
Custom whatsit ja_al_boundary = 6(load cache: ltj-cid-auto-adobe-japan1.luc)
Lua module: luatexja.charrange 2020-07-30 Handling the range of Japanese charact
ers
Lua module: luatexja.stack 2020-07-30 LuaTeX-ja stack system
Inserting `ltj.create_dir_whatsit' at position 3 in `hpack_filter'.
Inserting `ltj.create_dir_whatsit' at position 2 in `post_linebreak_filter'.
Inserting `ltj.direction' at position 1 in `vpack_filter'.
Inserting `ltj.direction' at position 1 in `pre_output_filter'.
Inserting `ltj.lineskip' at position 3 in `post_linebreak_filter'.
Inserting `ltj.lineskip' at position 1 in `append_to_vlist_filter'.
Lua module: luatexja.jfont 2020-10-05 Loader for Japanese fonts
Removing  `luaotfload.define_font' from `define_font'.
Inserting `luatexja.font_callback' at position 1 in `define_font'.
Removing  `luaotfload.aux.set_sscale_dimens' from `luaotfload.patch_font'.
Removing  `luaotfload.aux.set_font_index' from `luaotfload.patch_font'.
Removing  `luaotfload.aux.patch_cambria_domh' from `luaotfload.patch_font'.
Removing  `luaotfload.aux.set_capheight' from `luaotfload.patch_font'.
Removing  `luaotfload.aux.set_xheight' from `luaotfload.patch_font'.
Removing  `luaotfload.rewrite_fontname' from `luaotfload.patch_font'.
Inserting `ltj.prepare_extra_data' at position 1 in `luaotfload.patch_font'.
Inserting `luaotfload.aux.set_sscale_dimens' at position 2 in `luaotfload.patch_
font'.
Inserting `luaotfload.aux.set_font_index' at position 3 in `luaotfload.patch_fon
t'.
Inserting `luaotfload.aux.patch_cambria_domh' at position 4 in `luaotfload.patch
_font'.
Inserting `luaotfload.aux.set_capheight' at position 5 in `luaotfload.patch_font
'.
Inserting `luaotfload.aux.set_xheight' at position 6 in `luaotfload.patch_font'.
Inserting `luaotfload.rewrite_fontname' at position 7 in `luaotfload.patch_font'
.
Inserting `ltj.prepare_extra_data' at position 1 in `luatexja.define_font'.
Inserting `ltj.get_vert_form' at position 1 in `luatexja.define_jfont'.
Removing  `ltj.prepare_extra_data' from `luaotfload.patch_font'.
Removing  `luaotfload.aux.set_sscale_dimens' from `luaotfload.patch_font'.
Removing  `luaotfload.aux.set_font_index' from `luaotfload.patch_font'.
Removing  `luaotfload.aux.patch_cambria_domh' from `luaotfload.patch_font'.
Removing  `luaotfload.aux.set_capheight' from `luaotfload.patch_font'.
Removing  `luaotfload.aux.set_xheight' from `luaotfload.patch_font'.
Removing  `luaotfload.rewrite_fontname' from `luaotfload.patch_font'.
Inserting `ltj.supply_tounicode' at position 1 in `luaotfload.patch_font'.
Inserting `ltj.prepare_extra_data' at position 2 in `luaotfload.patch_font'.
Inserting `luaotfload.aux.set_sscale_dimens' at position 3 in `luaotfload.patch_
font'.
Inserting `luaotfload.aux.set_font_index' at position 4 in `luaotfload.patch_fon
t'.
Inserting `luaotfload.aux.patch_cambria_domh' at position 5 in `luaotfload.patch
_font'.
Inserting `luaotfload.aux.set_capheight' at position 6 in `luaotfload.patch_font
'.
Inserting `luaotfload.aux.set_xheight' at position 7 in `luaotfload.patch_font'.
Inserting `luaotfload.rewrite_fontname' at position 8 in `luaotfload.patch_font'
.
Inserting `ltj.process_input_buffer' at position 1 in `process_input_buffer'.
Inserting `ltj.hyphenate' at position 1 in `hyphenate'.
Removing  `luaotfload.node_processor' from `hpack_filter'.
Removing  `luaotfload.harf.finalize_hlist' from `hpack_filter'.
Removing  `ltj.create_dir_whatsit' from `hpack_filter'.
Inserting `ltj.set_stack_level' at position 1 in `hpack_filter'.
Inserting `luaotfload.node_processor' at position 2 in `hpack_filter'.
Inserting `luaotfload.harf.finalize_hlist' at position 3 in `hpack_filter'.
Inserting `ltj.create_dir_whatsit' at position 4 in `hpack_filter'.
Removing  `luaotfload.node_processor' from `pre_linebreak_filter'.
Inserting `ltj.set_stack_level' at position 1 in `pre_linebreak_filter'.
Inserting `luaotfload.node_processor' at position 2 in `pre_linebreak_filter'.
Lua module: luatexja.jfmglue 2021-02-11 Insertion process of JFM glues, [x]kanji
skip and others
Inserting `luatexja.beginpar.np_info' at position 1 in `luatexja.jfmglue.whatsit
_getinfo'.
Inserting `luatexja.beginpar.np_info_after' at position 1 in `luatexja.jfmglue.w
hatsit_after'.
Inserting `ltj.mlist_to_hlist_pre' at position 1 in `pre_mlist_to_hlist_filter'.
Inserting `ltj.main' at position 3 in `pre_linebreak_filter'.
Removing  `luaotfload.harf.finalize_hlist' from `hpack_filter'.
Removing  `ltj.create_dir_whatsit' from `hpack_filter'.
Inserting `ltj.main' at position 3 in `hpack_filter'.
Inserting `luaotfload.harf.finalize_hlist' at position 4 in `hpack_filter'.
Inserting `ltj.create_dir_whatsit' at position 5 in `hpack_filter'.
Removing  `ltj.set_stack_level' from `pre_linebreak_filter'.
Removing  `luaotfload.node_processor' from `pre_linebreak_filter'.
Removing  `ltj.main' from `pre_linebreak_filter'.
Inserting `ltj.adjust_icflag' at position 1 in `pre_linebreak_filter'.
Inserting `ltj.set_stack_level' at position 2 in `pre_linebreak_filter'.
Inserting `luaotfload.node_processor' at position 3 in `pre_linebreak_filter'.
Inserting `ltj.main' at position 4 in `pre_linebreak_filter'.
Removing  `ltj.set_stack_level' from `hpack_filter'.
Removing  `luaotfload.node_processor' from `hpack_filter'.
Removing  `ltj.main' from `hpack_filter'.
Removing  `luaotfload.harf.finalize_hlist' from `hpack_filter'.
Removing  `ltj.create_dir_whatsit' from `hpack_filter'.
Inserting `ltj.adjust_icflag' at position 1 in `hpack_filter'.
Inserting `ltj.set_stack_level' at position 2 in `hpack_filter'.
Inserting `luaotfload.node_processor' at position 3 in `hpack_filter'.
Inserting `ltj.main' at position 4 in `hpack_filter'.
Inserting `luaotfload.harf.finalize_hlist' at position 5 in `hpack_filter'.
Inserting `ltj.create_dir_whatsit' at position 6 in `hpack_filter'.
(/usr/local/texlive/2021/texmf-dist/tex/luatex/luatexja/ltj-base.sty
Package: ltj-base 2021-03-16
\ltj@tempcntb=\count180
\ltj@tempcntc=\count181
\ltj@tempdima=\dimen141
\ltj@afbox=\box47
)
\ltj@@italic@inner=\luafunction11
\ltj@@start@time@measure@inner=\luafunction12
\ltj@@stop@time@measure@inner=\luafunction13
\ltj@@jfont@inner=\luafunction14
\ltj@zw@inner=\luafunction15
\ltj@zh@inner=\luafunction16
\ltj@reset@globaldefs@inner=\luafunction17
\ltj@restore@globaldefs@inner=\luafunction18
\ltj@@disihb@inner=\luafunction19
\ltj@@ihb@inner=\luafunction20
\ltj@@fakeparbegin@inner=\luafunction21
\ltj@@fakeboxbdd@inner=\luafunction22
\ltj@@ins@xk@inner=\luafunction23
\ltj@@ins@k@inner=\luafunction24
\ltj@@stack=\count182
\ltj@@group@level=\count183
\ltjsetkanjiskip@inner=\luafunction25
\ltjsetxkanjiskip@inner=\luafunction26
\ltj@@getparam@one@inner=\luafunction27
\ltj@alljachar@inner=\luafunction28
\ltj@@lua@populate@insertwhatsit@inner=\luafunction29
\ltj@@box@dirhook@inner=\luafunction30
\ltj@@reset@badness@inner=\luafunction31
\ltj@@lua@raisebox@inner=\luafunction32
\ltj@@lua@unboxcheckdir@inner=\luafunction33
(load cache: ltj-kinsoku_default.luc)
(/usr/local/texlive/2021/texmf-dist/tex/luatex/luatexja/ltj-latex.sty
Package: ltj-latex 2021-03-18 LaTeX support of LuaTeX-ja
\ltj@@lua@shipout@inner=\luafunction34

(/usr/local/texlive/2021/texmf-dist/tex/luatex/luatexja/patches/lltjfont.sty
Package: lltjfont 2021-02-14 Patch to NFSS2 for LuaTeX-ja
\ltj@@latex@plv=\count184

(/usr/local/texlive/2021/texmf-dist/tex/latex/base/tuenc.def
File: tuenc.def 2020/08/10 v2.0s Standard LaTeX file
\@remove@tlig@@@@=\luafunction35
LaTeX Font Info:    Redeclaring font encoding TU on input line 106.
)
\Cht=\dimen142
\cht=\dimen143
\Cdp=\dimen144
\cdp=\dimen145
\Cwd=\dimen146
\cwd=\dimen147
\Cvs=\dimen148
\cvs=\dimen149
\Chs=\dimen150
\chs=\dimen151
\cHT=\dimen152
\dstrutbox=\box48
\tstrutbox=\box49
\zstrutbox=\box50
LaTeX Info: Redefining \strut on input line 90.
\ltj@@add@fenc@@inner=\luafunction36
\ltj@@add@kyenc@@inner=\luafunction37
\ltj@@add@ktenc@@inner=\luafunction38
\ltj@@is@kyenc@@inner=\luafunction39
\ltj@@is@ktenc@@inner=\luafunction40
\ltj@@is@kenc@@inner=\luafunction41
\ltj@@is@ffam@@inner=\luafunction42
\ltj@@add@ffam@@inner=\luafunction43
\ltj@@add@kfam@@inner=\luafunction44

(/usr/local/texlive/2021/texmf-dist/tex/latex/everysel/everysel.sty
Package: everysel 2021/01/20 v2.1 EverySelectfont Package (MS)

(/usr/local/texlive/2021/texmf-dist/tex/latex/everysel/everysel-2011-10-28.sty))
 ABD: EverySelectfont initializing macros
LaTeX Info: Redefining \selectfont on input line 448.
\ltj@@adjust@baseline@inner=\luafunction45
LaTeX Info: Redefining \fontencoding on input line 643.
LaTeX Info: Redefining \fontfamily on input line 686.
LaTeX Info: Redefining \fontseries on input line 919.
LaTeX Info: Redefining \fontseriesforce on input line 920.
LaTeX Info: Redefining \fontshape on input line 925.
LaTeX Info: Redefining \fontshapeforce on input line 932.
\ltj@@jfont@@jfmonly@@inner=\luafunction46
\ltj@@does@alt@set@@inner=\luafunction47
)
(/usr/local/texlive/2021/texmf-dist/tex/luatex/luatexja/patches/lltjdefs.sty
Package: lltjdefs 2021-01-24 Default font settings of LuaTeX-ja
luaotfload | db : Font names database loaded from /home/nogutaku/.texlive2021/te
xmf-var/luatex-cache/generic/names/luaotfload-names.luc(load cache: extra_lmroma
n10-regular.luc)
LaTeX Font Info:    Font shape `JT3/mc/m/n' will be
(Font)              scaled to size 9.24713pt on input line 75.

(/usr/local/texlive/2021/texmf-dist/tex/luatex/luatexja/jfm-ujisv.lua)
LaTeX Font Info:    Font shape `JY3/mc/m/n' will be
(Font)              scaled to size 9.24713pt on input line 75.
(load cache: extra_haranoajimincho-regular.luc)
(/usr/local/texlive/2021/texmf-dist/tex/luatex/luatexja/jfm-ujis.lua)
\symmincho=\mathgroup4
LaTeX Font Info:    Overwriting symbol font `mincho' in version `bold'
(Font)                  JY3/mc/m/n --> JY3/gt/m/n on input line 84.
)
(/usr/local/texlive/2021/texmf-dist/tex/luatex/luatexja/patches/lltjcore.sty
Package: lltjcore 2021-03-19 Patch to LaTeX2e Kernel for LuaTeX-ja

(/usr/local/texlive/2021/texmf-dist/tex/latex/l3kernel/expl3.sty
Package: expl3 2021-05-07 L3 programming layer (loader) 

(/usr/local/texlive/2021/texmf-dist/tex/latex/l3backend/l3backend-luatex.def
File: l3backend-luatex.def 2021-05-07 L3 backend support: PDF output (LuaTeX)
\l__color_backend_stack_int=\count185
\l__pdf_internal_box=\box51
))
\@tombowwidth=\dimen153
\@TL=\box52
\@Tl=\box53
\@TC=\box54
\@TR=\box55
\@Tr=\box56
\@BL=\box57
\@Bl=\box58
\@BC=\box59
\@BR=\box60
\@Br=\box61
\@CL=\box62
\@CR=\box63
(load cache: extra_lmmono9-regular.luc)
\@bannertoken=\toks24
\@@paperheight=\dimen154
\@@paperwidth=\dimen155
\@@topmargin=\dimen156
LaTeX Info: Redefining \underline on input line 261.
)
(/usr/local/texlive/2021/texmf-dist/tex/luatex/luatexja/patches/lltjp-atbegshi.
sty
Package: lltjp-atbegshi 2021-03-14 Patching \shipout hooks for LuaTeX-ja
\l__platex_shipout_dummy_box=\box64
)
(/usr/local/texlive/2021/texmf-dist/tex/luatex/luatexja/patches/lltjp-geometry.
sty
Package: lltjp-geometry 2020-12-29 Patch to geometry for LuaTeX-ja with vertica
l writing mode
 (/usr/local/texlive/2021/texmf-dist/tex/generic/iftex/ifluatex.sty
Package: ifluatex 2019/10/25 v1.5 ifluatex legacy package. Use iftex instead.
)))
\ltj@temp@cctb=\catcodetable14
)
(/usr/local/texlive/2021/texmf-dist/tex/luatex/luatexja/luatexja-compat.sty
Package: luatexja-compat 2020-08-08 Compatibility with pTeX
(load cache: ltj-jisx0208.luc)
\hour=\count186
\minute=\count187
))
\jsc@mpt=\dimen157
\jsc@mmm=\dimen158
\ltjs@@magnify@font@calc=\luafunction48
\jsc@smallskipamount=\skip47
(load cache: extra_lmroman9-regular.luc)
LaTeX Font Info:    Font shape `JY3/mc/m/n' will be
(Font)              scaled to size 8.44485pt on input line 414.
LaTeX Font Info:    Font shape `JT3/mc/m/n' will be
(Font)              scaled to size 9.24713pt on input line 414.
LaTeX Font Info:    Font shape `JY3/mc/m/n' will be
(Font)              scaled to size 9.24713pt on input line 414.
\fullwidth=\dimen159
(load cache: extra_lmroman8-regular.luc)
LaTeX Font Info:    Font shape `JT3/mc/m/n' will be
(Font)              scaled to size 7.3977pt on input line 555.
LaTeX Font Info:    Font shape `JY3/mc/m/n' will be
(Font)              scaled to size 7.3977pt on input line 555.
\c@part=\count188
\c@section=\count189
\c@subsection=\count190
\c@subsubsection=\count191
\c@paragraph=\count192
\c@subparagraph=\count193
\@abstractbox=\box65
\c@figure=\count194
\c@table=\count195
\abovecaptionskip=\skip48
\belowcaptionskip=\skip49
LaTeX Info: Redefining \mc on input line 1208.
LaTeX Info: Redefining \gt on input line 1209.
\jsc@tocl@width=\dimen160
\@lnumwidth=\dimen161
\bibindent=\dimen162

(/usr/local/texlive/2021/texmf-dist/tex/platex/jsclasses/jslogo.sty
Package: jslogo 2019/07/25 okumura, texjporg
LaTeX Info: Redefining \TeX on input line 82.
LaTeX Info: Redefining \LaTeX on input line 135.
LaTeX Info: Redefining \LaTeXe on input line 188.
)
\heisei=\count196

(/usr/local/texlive/2021/texmf-dist/tex/latex/sttools/stfloats.sty
Package: stfloats 2017/03/27 v3.3 Improve float mechanism and baselineskip sett
ings
\@dblbotnum=\count197
\c@dblbotnumber=\count198
)
(/usr/local/texlive/2021/texmf-dist/tex/luatex/luatexja/patches/lltjp-stfloats.
sty)) (/usr/local/texlive/2021/texmf-dist/tex/latex/fontspec/fontspec.sty
(/usr/local/texlive/2021/texmf-dist/tex/latex/l3packages/xparse/xparse.sty
(/usr/local/texlive/2021/texmf-dist/tex/latex/l3packages/xparse/xparse-2020-10-
01.sty
(/usr/local/texlive/2021/texmf-dist/tex/latex/l3packages/xparse/xparse-generic.
tex)))
Package: fontspec 2020/02/21 v2.7i Font selection for XeLaTeX and LuaLaTeX
Lua module: fontspec 2020/02/21 2.7i Font selection for XeLaTeX and LuaLaTeX
(/usr/local/texlive/2021/texmf-dist/tex/latex/fontspec/fontspec-luatex.sty
Package: fontspec-luatex 2020/02/21 v2.7i Font selection for XeLaTeX and LuaLaT
eX
\l__fontspec_script_int=\count199
\l__fontspec_language_int=\count266
\l__fontspec_strnum_int=\count267
\l__fontspec_tmp_int=\count268
\l__fontspec_tmpa_int=\count269
\l__fontspec_tmpb_int=\count270
\l__fontspec_tmpc_int=\count271
\l__fontspec_em_int=\count272
\l__fontspec_emdef_int=\count273
\l__fontspec_strong_int=\count274
\l__fontspec_strongdef_int=\count275
\l__fontspec_tmpa_dim=\dimen163
\l__fontspec_tmpb_dim=\dimen164
\l__fontspec_tmpc_dim=\dimen165

(/usr/local/texlive/2021/texmf-dist/tex/latex/base/fontenc.sty
Package: fontenc 2020/08/10 v2.0s Standard LaTeX package
)
(/usr/local/texlive/2021/texmf-dist/tex/latex/fontspec/fontspec.cfg)(load cache:
 extra_lmroman10-bold.luc)
LaTeX Font Info:    Font shape `JT3/mc/b/n' in size <10> not available
(Font)              Font shape `JT3/gt/m/n' tried instead on input line 3955.
LaTeX Font Info:    Font shape `JT3/gt/m/n' will be
(Font)              scaled to size 8.44485pt on input line 3955.
LaTeX Font Info:    Font shape `JY3/mc/b/n' in size <10> not available
(Font)              Font shape `JY3/gt/m/n' tried instead on input line 3955.
LaTeX Font Info:    Font shape `JY3/gt/m/n' will be
(Font)              scaled to size 8.44485pt on input line 3955.
(load cache: extra_haranoajigothic-medium.luc)))
(/usr/local/texlive/2021/texmf-dist/tex/luatex/luatexja/patches/lltjp-fontspec.
sty) (/usr/local/texlive/2021/texmf-dist/tex/latex/amsmath/amsmath.sty
Package: amsmath 2020/09/23 v2.17i AMS math features
\@mathmargin=\skip50

For additional information on amsmath, use the `?' option.
(/usr/local/texlive/2021/texmf-dist/tex/latex/amsmath/amstext.sty
Package: amstext 2000/06/29 v2.01 AMS text

(/usr/local/texlive/2021/texmf-dist/tex/latex/amsmath/amsgen.sty
File: amsgen.sty 1999/11/30 v2.0 generic functions
\@emptytoks=\toks25
\ex@=\dimen166
))
(/usr/local/texlive/2021/texmf-dist/tex/latex/amsmath/amsbsy.sty
Package: amsbsy 1999/11/29 v1.2d Bold Symbols
\pmbraise@=\dimen167
)
(/usr/local/texlive/2021/texmf-dist/tex/latex/amsmath/amsopn.sty
Package: amsopn 2016/03/08 v2.02 operator names
)
\inf@bad=\count276
LaTeX Info: Redefining \frac on input line 236.
\uproot@=\count277
\leftroot@=\count278
LaTeX Info: Redefining \overline on input line 399.
\classnum@=\count279
\DOTSCASE@=\count280
LaTeX Info: Redefining \ldots on input line 496.
LaTeX Info: Redefining \dots on input line 499.
LaTeX Info: Redefining \cdots on input line 620.
\Mathstrutbox@=\box66
\strutbox@=\box67
\big@size=\dimen168
LaTeX Font Info:    Redeclaring font encoding OML on input line 743.
LaTeX Font Info:    Redeclaring font encoding OMS on input line 744.
\macc@depth=\count281
\c@MaxMatrixCols=\count282
\dotsspace@=\muskip16
\c@parentequation=\count283
\dspbrk@lvl=\count284
\tag@help=\toks26
\row@=\count285
\column@=\count286
\maxfields@=\count287
\andhelp@=\toks27
\eqnshift@=\dimen169
\alignsep@=\dimen170
\tagshift@=\dimen171
\tagwidth@=\dimen172
\totwidth@=\dimen173
\lineht@=\dimen174
\@envbody=\toks28
\multlinegap=\skip51
\multlinetaggap=\skip52
\mathdisplay@stack=\toks29
LaTeX Info: Redefining \[ on input line 2923.
LaTeX Info: Redefining \] on input line 2924.
)
(/usr/local/texlive/2021/texmf-dist/tex/latex/amsfonts/amssymb.sty
Package: amssymb 2013/01/14 v3.01 AMS font symbols

(/usr/local/texlive/2021/texmf-dist/tex/latex/amsfonts/amsfonts.sty
Package: amsfonts 2013/01/14 v3.01 Basic AMSFonts support
\symAMSa=\mathgroup5
\symAMSb=\mathgroup6
LaTeX Font Info:    Redeclaring math symbol \hbar on input line 98.
LaTeX Font Info:    Overwriting math alphabet `\mathfrak' in version `bold'
(Font)                  U/euf/m/n --> U/euf/b/n on input line 106.
))
(/usr/local/texlive/2021/texmf-dist/tex/latex/amscls/amsthm.sty
Package: amsthm 2020/05/29 v2.20.6
\thm@style=\toks30
\thm@bodyfont=\toks31
\thm@headfont=\toks32
\thm@notefont=\toks33
\thm@headpunct=\toks34
\thm@preskip=\skip53
\thm@postskip=\skip54
\thm@headsep=\skip55
\dth@everypar=\toks35
)
(/usr/local/texlive/2021/texmf-dist/tex/latex/braket/braket.sty)
(/usr/local/texlive/2021/texmf-dist/tex/latex/prettyref/prettyref.sty
Package: prettyref 1998/07/09 v3.0
)
(/usr/local/texlive/2021/texmf-dist/tex/latex/biblatex/biblatex.sty
Package: biblatex 2020/12/31 v3.16 programmable bibliographies (PK/MW)

(/usr/local/texlive/2021/texmf-dist/tex/latex/kvoptions/kvoptions.sty
Package: kvoptions 2020-10-07 v3.14 Key value format for package options (HO)

(/usr/local/texlive/2021/texmf-dist/tex/generic/kvsetkeys/kvsetkeys.sty
Package: kvsetkeys 2019/12/15 v1.18 Key value parser (HO)
))
(/usr/local/texlive/2021/texmf-dist/tex/latex/logreq/logreq.sty
Package: logreq 2010/08/04 v1.0 xml request logger
\lrq@indent=\count288

(/usr/local/texlive/2021/texmf-dist/tex/latex/logreq/logreq.def
File: logreq.def 2010/08/04 v1.0 logreq spec v1.0
))
(/usr/local/texlive/2021/texmf-dist/tex/latex/base/ifthen.sty
Package: ifthen 2014/09/29 v1.1c Standard LaTeX ifthen package (DPC)
)
(/usr/local/texlive/2021/texmf-dist/tex/latex/url/url.sty
\Urlmuskip=\muskip17
Package: url 2013/09/16  ver 3.4  Verb mode for urls, etc.
)
\c@tabx@nest=\count289
\c@listtotal=\count290
\c@listcount=\count291
\c@liststart=\count292
\c@liststop=\count293
\c@citecount=\count294
\c@citetotal=\count295
\c@multicitecount=\count296
\c@multicitetotal=\count297
\c@instcount=\count298
\c@maxnames=\count299
\c@minnames=\count300
\c@maxitems=\count301
\c@minitems=\count302
\c@citecounter=\count303
\c@maxcitecounter=\count304
\c@savedcitecounter=\count305
\c@uniquelist=\count306
\c@uniquename=\count307
\c@refsection=\count308
\c@refsegment=\count309
\c@maxextratitle=\count310
\c@maxextratitleyear=\count311
\c@maxextraname=\count312
\c@maxextradate=\count313
\c@maxextraalpha=\count314
\c@abbrvpenalty=\count315
\c@highnamepenalty=\count316
\c@lownamepenalty=\count317
\c@maxparens=\count318
\c@parenlevel=\count319
\blx@tempcnta=\count320
\blx@tempcntb=\count321
\blx@tempcntc=\count322
\blx@maxsection=\count323
\blx@maxsegment@0=\count324
\blx@notetype=\count325
\blx@parenlevel@text=\count326
\blx@parenlevel@foot=\count327
\blx@sectionciteorder@0=\count328
\blx@entrysetcounter=\count329
\blx@biblioinstance=\count330
\labelnumberwidth=\skip56
\labelalphawidth=\skip57
\biblabelsep=\skip58
\bibitemsep=\skip59
\bibnamesep=\skip60
\bibinitsep=\skip61
\bibparsep=\skip62
\bibhang=\skip63
\blx@bcfin=\read2
\blx@bcfout=\write3
\blx@langwohyphens=\language3
\c@mincomprange=\count331
\c@maxcomprange=\count332
\c@mincompwidth=\count333
Package biblatex Info: Trying to load biblatex default data model...
Package biblatex Info: ... file 'blx-dm.def' found.

(/usr/local/texlive/2021/texmf-dist/tex/latex/biblatex/blx-dm.def
File: blx-dm.def 2020/12/31 v3.16 biblatex localization (PK/MW)
)
Package biblatex Info: Trying to load biblatex style data model...
Package biblatex Info: ... file 'phys.dbx' found.

(/usr/local/texlive/2021/texmf-dist/tex/latex/biblatex-phys/phys.dbx
File: phys.dbx 2019/12/03 v1.1b biblatex database model extension
)
Package biblatex Info: Trying to load biblatex custom data model...
Package biblatex Info: ... file 'biblatex-dm.cfg' not found.
\c@afterword=\count334
\c@savedafterword=\count335
\c@annotator=\count336
\c@savedannotator=\count337
\c@author=\count338
\c@savedauthor=\count339
\c@bookauthor=\count340
\c@savedbookauthor=\count341
\c@commentator=\count342
\c@savedcommentator=\count343
\c@editor=\count344
\c@savededitor=\count345
\c@editora=\count346
\c@savededitora=\count347
\c@editorb=\count348
\c@savededitorb=\count349
\c@editorc=\count350
\c@savededitorc=\count351
\c@foreword=\count352
\c@savedforeword=\count353
\c@holder=\count354
\c@savedholder=\count355
\c@introduction=\count356
\c@savedintroduction=\count357
\c@namea=\count358
\c@savednamea=\count359
\c@nameb=\count360
\c@savednameb=\count361
\c@namec=\count362
\c@savednamec=\count363
\c@translator=\count364
\c@savedtranslator=\count365
\c@shortauthor=\count366
\c@savedshortauthor=\count367
\c@shorteditor=\count368
\c@savedshorteditor=\count369
\c@labelname=\count370
\c@savedlabelname=\count371
\c@institution=\count372
\c@savedinstitution=\count373
\c@lista=\count374
\c@savedlista=\count375
\c@listb=\count376
\c@savedlistb=\count377
\c@listc=\count378
\c@savedlistc=\count379
\c@listd=\count380
\c@savedlistd=\count381
\c@liste=\count382
\c@savedliste=\count383
\c@listf=\count384
\c@savedlistf=\count385
\c@location=\count386
\c@savedlocation=\count387
\c@organization=\count388
\c@savedorganization=\count389
\c@origlocation=\count390
\c@savedoriglocation=\count391
\c@origpublisher=\count392
\c@savedorigpublisher=\count393
\c@publisher=\count394
\c@savedpublisher=\count395
\c@language=\count396
\c@savedlanguage=\count397
\c@origlanguage=\count398
\c@savedoriglanguage=\count399
\c@pageref=\count400
\c@savedpageref=\count401
\shorthandwidth=\skip64
\shortjournalwidth=\skip65
\shortserieswidth=\skip66
\shorttitlewidth=\skip67
\shortauthorwidth=\skip68
\shorteditorwidth=\skip69
\locallabelnumberwidth=\skip70
\locallabelalphawidth=\skip71
\localshorthandwidth=\skip72
\localshortjournalwidth=\skip73
\localshortserieswidth=\skip74
\localshorttitlewidth=\skip75
\localshortauthorwidth=\skip76
\localshorteditorwidth=\skip77
Package biblatex Info: Trying to load enhanced support for Unicode engines...
Package biblatex Info: ... file 'blx-unicode.def' found.

(/usr/local/texlive/2021/texmf-dist/tex/latex/biblatex/blx-unicode.def)
Package biblatex Info: Trying to load compatibility code...
Package biblatex Info: ... file 'blx-compat.def' found.

(/usr/local/texlive/2021/texmf-dist/tex/latex/biblatex/blx-compat.def
File: blx-compat.def 2020/12/31 v3.16 biblatex compatibility (PK/MW)
)
Package biblatex Info: Trying to load generic definitions...
Package biblatex Info: ... file 'biblatex.def' found.

(/usr/local/texlive/2021/texmf-dist/tex/latex/biblatex/biblatex.def
File: biblatex.def 2020/12/31 v3.16 biblatex compatibility (PK/MW)
\c@textcitecount=\count402
\c@textcitetotal=\count403
\c@textcitemaxnames=\count404
\c@biburlbigbreakpenalty=\count405
\c@biburlbreakpenalty=\count406
\c@biburlnumpenalty=\count407
\c@biburlucpenalty=\count408
\c@biburllcpenalty=\count409
\biburlbigskip=\muskip18
\biburlnumskip=\muskip19
\biburlucskip=\muskip20
\biburllcskip=\muskip21
\c@smartand=\count410
)
Package biblatex Info: Trying to load bibliography style 'phys'...
Package biblatex Info: ... file 'phys.bbx' found.

(/usr/local/texlive/2021/texmf-dist/tex/latex/biblatex-phys/phys.bbx
File: phys.bbx 2019/12/03 v1.1b biblatex bibliography style
Package biblatex Info: Trying to load bibliography style 'numeric-comp'...
Package biblatex Info: ... file 'numeric-comp.bbx' found.

(/usr/local/texlive/2021/texmf-dist/tex/latex/biblatex/bbx/numeric-comp.bbx
File: numeric-comp.bbx 2020/12/31 v3.16 biblatex bibliography style (PK/MW)
Package biblatex Info: Trying to load bibliography style 'numeric'...
Package biblatex Info: ... file 'numeric.bbx' found.

(/usr/local/texlive/2021/texmf-dist/tex/latex/biblatex/bbx/numeric.bbx
File: numeric.bbx 2020/12/31 v3.16 biblatex bibliography style (PK/MW)
Package biblatex Info: Trying to load bibliography style 'standard'...
Package biblatex Info: ... file 'standard.bbx' found.

(/usr/local/texlive/2021/texmf-dist/tex/latex/biblatex/bbx/standard.bbx
File: standard.bbx 2020/12/31 v3.16 biblatex bibliography style (PK/MW)
\c@bbx:relatedcount=\count411
\c@bbx:relatedtotal=\count412
))))
Package biblatex Info: Trying to load citation style 'phys'...
Package biblatex Info: ... file 'phys.cbx' found.

(/usr/local/texlive/2021/texmf-dist/tex/latex/biblatex-phys/phys.cbx
File: phys.cbx 2019/12/03 v1.1b biblatex citation style
Package biblatex Info: Trying to load citation style 'numeric-comp'...
Package biblatex Info: ... file 'numeric-comp.cbx' found.

(/usr/local/texlive/2021/texmf-dist/tex/latex/biblatex/cbx/numeric-comp.cbx
File: numeric-comp.cbx 2020/12/31 v3.16 biblatex citation style (PK/MW)
\c@cbx@tempcnta=\count413
\c@cbx@tempcntb=\count414
\c@cbx@tempcntc=\count415
\c@cbx@tempcntd=\count416
Package biblatex Info: Redefining '\cite'.
Package biblatex Info: Redefining '\parencite'.
Package biblatex Info: Redefining '\footcite'.
Package biblatex Info: Redefining '\footcitetext'.
Package biblatex Info: Redefining '\smartcite'.
Package biblatex Info: Redefining '\supercite'.
Package biblatex Info: Redefining '\textcite'.
Package biblatex Info: Redefining '\textcites'.
Package biblatex Info: Redefining '\cites'.
Package biblatex Info: Redefining '\parencites'.
Package biblatex Info: Redefining '\smartcites'.
))
Package biblatex Info: Trying to load configuration file...
Package biblatex Info: ... file 'biblatex.cfg' found.

(/usr/local/texlive/2021/texmf-dist/tex/latex/biblatex/biblatex.cfg
File: biblatex.cfg 
))
(/usr/local/texlive/2021/texmf-dist/tex/latex/hyperref/hyperref.sty
Package: hyperref 2021-02-27 v7.00k Hypertext links for LaTeX

(/usr/local/texlive/2021/texmf-dist/tex/generic/kvdefinekeys/kvdefinekeys.sty
Package: kvdefinekeys 2019-12-19 v1.6 Define keys (HO)
)
(/usr/local/texlive/2021/texmf-dist/tex/generic/pdfescape/pdfescape.sty
Package: pdfescape 2019/12/09 v1.15 Implements pdfTeX's escape features (HO)
)
(/usr/local/texlive/2021/texmf-dist/tex/latex/hycolor/hycolor.sty
Package: hycolor 2020-01-27 v1.10 Color options for hyperref/bookmark (HO)
)
(/usr/local/texlive/2021/texmf-dist/tex/latex/letltxmacro/letltxmacro.sty
Package: letltxmacro 2019/12/03 v1.6 Let assignment for LaTeX macros (HO)
)
(/usr/local/texlive/2021/texmf-dist/tex/latex/auxhook/auxhook.sty
Package: auxhook 2019-12-17 v1.6 Hooks for auxiliary files (HO)
)
\@linkdim=\dimen175
\Hy@linkcounter=\count417
\Hy@pagecounter=\count418

(/usr/local/texlive/2021/texmf-dist/tex/latex/hyperref/pd1enc.def
File: pd1enc.def 2021-02-27 v7.00k Hyperref: PDFDocEncoding definition (HO)
)
(/usr/local/texlive/2021/texmf-dist/tex/latex/hyperref/hyperref-langpatches.def
File: hyperref-langpatches.def 2021-02-27 v7.00k Hyperref: patches for babel la
nguages
) (/usr/local/texlive/2021/texmf-dist/tex/generic/intcalc/intcalc.sty
Package: intcalc 2019/12/15 v1.3 Expandable calculations with integers (HO)
)
(/usr/local/texlive/2021/texmf-dist/tex/generic/etexcmds/etexcmds.sty
Package: etexcmds 2019/12/15 v1.7 Avoid name clashes with e-TeX commands (HO)
)
\Hy@SavedSpaceFactor=\count419

(/usr/local/texlive/2021/texmf-dist/tex/latex/hyperref/puenc.def
File: puenc.def 2021-02-27 v7.00k Hyperref: PDF Unicode definition (HO)
)
Package hyperref Info: Option `unicode' set `true' on input line 4073.
Package hyperref Info: Hyper figures OFF on input line 4192.
Package hyperref Info: Link nesting OFF on input line 4197.
Package hyperref Info: Hyper index ON on input line 4200.
Package hyperref Info: Plain pages OFF on input line 4207.
Package hyperref Info: Backreferencing OFF on input line 4212.
Package hyperref Info: Implicit mode ON; LaTeX internals redefined.
Package hyperref Info: Bookmarks ON on input line 4445.
\c@Hy@tempcnt=\count420
LaTeX Info: Redefining \url on input line 4804.
\XeTeXLinkMargin=\dimen176

(/usr/local/texlive/2021/texmf-dist/tex/generic/bitset/bitset.sty
Package: bitset 2019/12/09 v1.3 Handle bit-vector datatype (HO)

(/usr/local/texlive/2021/texmf-dist/tex/generic/bigintcalc/bigintcalc.sty
Package: bigintcalc 2019/12/15 v1.5 Expandable calculations on big integers (HO
)
))
\Fld@menulength=\count421
\Field@Width=\dimen177
\Fld@charsize=\dimen178
Package hyperref Info: Hyper figures OFF on input line 6075.
Package hyperref Info: Link nesting OFF on input line 6080.
Package hyperref Info: Hyper index ON on input line 6083.
Package hyperref Info: backreferencing OFF on input line 6090.
Package hyperref Info: Link coloring OFF on input line 6095.
Package hyperref Info: Link coloring with OCG OFF on input line 6100.
Package hyperref Info: PDF/A mode OFF on input line 6105.
LaTeX Info: Redefining \ref on input line 6145.
LaTeX Info: Redefining \pageref on input line 6149.

(/usr/local/texlive/2021/texmf-dist/tex/latex/base/atbegshi-ltx.sty
Package: atbegshi-ltx 2020/08/17 v1.0a Emulation of the original atbegshi packa
ge
with kernel methods
)
\Hy@abspage=\count422
\c@Item=\count423
\c@Hfootnote=\count424
)
Package hyperref Info: Driver (autodetected): hluatex.

(/usr/local/texlive/2021/texmf-dist/tex/latex/hyperref/hluatex.def
File: hluatex.def 2021-02-27 v7.00k Hyperref driver for luaTeX

(/usr/local/texlive/2021/texmf-dist/tex/generic/stringenc/stringenc.sty
Package: stringenc 2019/11/29 v1.12 Convert strings between diff. encodings (HO
)
)
(/usr/local/texlive/2021/texmf-dist/tex/latex/base/atveryend-ltx.sty
Package: atveryend-ltx 2020/08/19 v1.0a Emulation of the original atvery packag
e
with kernel methods
)
\Fld@listcount=\count425
\c@bookmark@seq@number=\count426

(/usr/local/texlive/2021/texmf-dist/tex/latex/rerunfilecheck/rerunfilecheck.sty
Package: rerunfilecheck 2019/12/05 v1.9 Rerun checks for auxiliary files (HO)

(/usr/local/texlive/2021/texmf-dist/tex/generic/uniquecounter/uniquecounter.sty
Package: uniquecounter 2019/12/15 v1.4 Provide unlimited unique counter (HO)
)
Package uniquecounter Info: New unique counter `rerunfilecheck' on input line 2
86.
)
\Hy@SectionHShift=\skip78
)
Package hyperref Info: Option `bookmarksnumbered' set `true' on input line 49.
Package hyperref Info: Option `bookmarksopen' set `true' on input line 49.
Package hyperref Info: Option `colorlinks' set `true' on input line 49.
\c@thm=\count427
\c@lemma=\count428
\c@que=\count429
\@quotelevel=\count430
\@quotereset=\count431
 (./inddef.aux)
\openout1 = inddef.aux

LaTeX Font Info:    Checking defaults for OML/cmm/m/it on input line 95.
LaTeX Font Info:    ... okay on input line 95.
LaTeX Font Info:    Checking defaults for OMS/cmsy/m/n on input line 95.
LaTeX Font Info:    ... okay on input line 95.
LaTeX Font Info:    Checking defaults for OT1/cmr/m/n on input line 95.
LaTeX Font Info:    ... okay on input line 95.
LaTeX Font Info:    Checking defaults for T1/cmr/m/n on input line 95.
LaTeX Font Info:    ... okay on input line 95.
LaTeX Font Info:    Checking defaults for TS1/cmr/m/n on input line 95.
LaTeX Font Info:    Trying to load font information for TS1+cmr on input line 9
5.
 (/usr/local/texlive/2021/texmf-dist/tex/latex/base/ts1cmr.fd
File: ts1cmr.fd 2019/12/16 v2.5j Standard LaTeX font definitions
)
LaTeX Font Info:    ... okay on input line 95.
LaTeX Font Info:    Checking defaults for TU/lmr/m/n on input line 95.
LaTeX Font Info:    ... okay on input line 95.
LaTeX Font Info:    Checking defaults for OMX/cmex/m/n on input line 95.
LaTeX Font Info:    ... okay on input line 95.
LaTeX Font Info:    Checking defaults for U/cmr/m/n on input line 95.
LaTeX Font Info:    ... okay on input line 95.
LaTeX Font Info:    Checking defaults for JY3/mc/m/n on input line 95.
LaTeX Font Info:    ... okay on input line 95.
LaTeX Font Info:    Checking defaults for JT3/mc/m/n on input line 95.
LaTeX Font Info:    ... okay on input line 95.
LaTeX Font Info:    Checking defaults for PD1/pdf/m/n on input line 95.
LaTeX Font Info:    ... okay on input line 95.
LaTeX Font Info:    Checking defaults for PU/pdf/m/n on input line 95.
LaTeX Font Info:    ... okay on input line 95.
 ABD: EverySelectfont initializing macros
LaTeX Info: Redefining \selectfont on input line 95.

Package fontspec Info: Adjusting the maths setup (use [no-math] to avoid
(fontspec)             this).

\symlegacymaths=\mathgroup7
LaTeX Font Info:    Overwriting symbol font `legacymaths' in version `bold'
(Font)                  OT1/cmr/m/n --> OT1/cmr/bx/n on input line 95.
LaTeX Font Info:    Redeclaring math accent \acute on input line 95.
LaTeX Font Info:    Redeclaring math accent \grave on input line 95.
LaTeX Font Info:    Redeclaring math accent \ddot on input line 95.
LaTeX Font Info:    Redeclaring math accent \tilde on input line 95.
LaTeX Font Info:    Redeclaring math accent \bar on input line 95.
LaTeX Font Info:    Redeclaring math accent \breve on input line 95.
LaTeX Font Info:    Redeclaring math accent \check on input line 95.
LaTeX Font Info:    Redeclaring math accent \hat on input line 95.
LaTeX Font Info:    Redeclaring math accent \dot on input line 95.
LaTeX Font Info:    Redeclaring math accent \mathring on input line 95.
LaTeX Font Info:    Redeclaring math symbol \Gamma on input line 95.
LaTeX Font Info:    Redeclaring math symbol \Delta on input line 95.
LaTeX Font Info:    Redeclaring math symbol \Theta on input line 95.
LaTeX Font Info:    Redeclaring math symbol \Lambda on input line 95.
LaTeX Font Info:    Redeclaring math symbol \Xi on input line 95.
LaTeX Font Info:    Redeclaring math symbol \Pi on input line 95.
LaTeX Font Info:    Redeclaring math symbol \Sigma on input line 95.
LaTeX Font Info:    Redeclaring math symbol \Upsilon on input line 95.
LaTeX Font Info:    Redeclaring math symbol \Phi on input line 95.
LaTeX Font Info:    Redeclaring math symbol \Psi on input line 95.
LaTeX Font Info:    Redeclaring math symbol \Omega on input line 95.
LaTeX Font Info:    Redeclaring math symbol \mathdollar on input line 95.
LaTeX Font Info:    Redeclaring symbol font `operators' on input line 95.
LaTeX Font Info:    Encoding `OT1' has changed to `TU' for symbol font
(Font)              `operators' in the math version `normal' on input line 95.
LaTeX Font Info:    Overwriting symbol font `operators' in version `normal'
(Font)                  OT1/cmr/m/n --> TU/lmr/m/n on input line 95.
LaTeX Font Info:    Encoding `OT1' has changed to `TU' for symbol font
(Font)              `operators' in the math version `bold' on input line 95.
LaTeX Font Info:    Overwriting symbol font `operators' in version `bold'
(Font)                  OT1/cmr/bx/n --> TU/lmr/m/n on input line 95.
LaTeX Font Info:    Overwriting symbol font `operators' in version `normal'
(Font)                  TU/lmr/m/n --> TU/lmr/m/n on input line 95.
LaTeX Font Info:    Overwriting math alphabet `\mathit' in version `normal'
(Font)                  OT1/cmr/m/it --> TU/lmr/m/it on input line 95.
LaTeX Font Info:    Overwriting math alphabet `\mathbf' in version `normal'
(Font)                  OT1/cmr/bx/n --> TU/lmr/b/n on input line 95.
LaTeX Font Info:    Overwriting math alphabet `\mathsf' in version `normal'
(Font)                  OT1/cmss/m/n --> TU/lmss/m/n on input line 95.
LaTeX Font Info:    Overwriting math alphabet `\mathtt' in version `normal'
(Font)                  OT1/cmtt/m/n --> TU/lmtt/m/n on input line 95.
LaTeX Font Info:    Overwriting symbol font `operators' in version `bold'
(Font)                  TU/lmr/m/n --> TU/lmr/b/n on input line 95.
LaTeX Font Info:    Overwriting math alphabet `\mathit' in version `bold'
(Font)                  OT1/cmr/bx/it --> TU/lmr/b/it on input line 95.
LaTeX Font Info:    Overwriting math alphabet `\mathsf' in version `bold'
(Font)                  OT1/cmss/bx/n --> TU/lmss/b/n on input line 95.
LaTeX Font Info:    Overwriting math alphabet `\mathtt' in version `bold'
(Font)                  OT1/cmtt/m/n --> TU/lmtt/b/n on input line 95.
Package biblatex Info: Trying to load language 'english'...
Package biblatex Info: ... file 'english.lbx' found.

(/usr/local/texlive/2021/texmf-dist/tex/latex/biblatex/lbx/english.lbx
File: english.lbx 2020/12/31 v3.16 biblatex localization (PK/MW)
)
Package biblatex Info: LuaTeX detected.
(biblatex)             Assuming input encoding 'utf8'.
Package biblatex Info: Automatic encoding selection.
(biblatex)             Assuming data encoding 'utf8'.
Package biblatex Info: Document encoding is UTF8 ....
Package biblatex Info: ... and expl3
(biblatex)             2021-05-07 L3 programming layer (loader) 
(biblatex)             is new enough (at least 2020/04/06),
(biblatex)             setting 'casechanger=expl3'.

(/usr/local/texlive/2021/texmf-dist/tex/latex/biblatex/blx-case-expl3.sty
Package: blx-case-expl3 2020/12/31 v3.16 expl3 case changing code for biblatex
)
\openout3 = inddef.bcf

Package biblatex Info: Trying to load bibliographic data...
Package biblatex Info: ... file 'inddef.bbl' found.

(./inddef.bbl
LaTeX Font Info:    Calculating math sizes for size <10.95001> on input line 52
.
(load cache: extra_lmroman7-regular.luc)(load cache: extra_lmroman5-regular.luc)
LaTeX Font Info:    Font shape `JY3/mc/m/n' will be
(Font)              scaled to size 6.47295pt on input line 52.
LaTeX Font Info:    Font shape `JY3/mc/m/n' will be
(Font)              scaled to size 4.62357pt on input line 52.
LaTeX Font Info:    Trying to load font information for U+msa on input line 52.

 (/usr/local/texlive/2021/texmf-dist/tex/latex/amsfonts/umsa.fd
File: umsa.fd 2013/01/14 v3.01 AMS symbols A
)
LaTeX Font Info:    Trying to load font information for U+msb on input line 52.


(/usr/local/texlive/2021/texmf-dist/tex/latex/amsfonts/umsb.fd
File: umsb.fd 2013/01/14 v3.01 AMS symbols B
)
LaTeX Font Info:    Font shape `JT3/mc/m/n' will be
(Font)              scaled to size 6.47295pt on input line 52.
)
Package biblatex Info: Reference section=0 on input line 95.
Package biblatex Info: Reference segment=0 on input line 95.

(/usr/local/texlive/2021/texmf-dist/tex/latex/graphics/color.sty
Package: color 2020/02/24 v1.2b Standard LaTeX Color (DPC)

(/usr/local/texlive/2021/texmf-dist/tex/latex/graphics-cfg/color.cfg
File: color.cfg 2016/01/02 v1.6 sample color configuration
)
Package color Info: Driver file: luatex.def on input line 147.

(/usr/local/texlive/2021/texmf-dist/tex/latex/graphics-def/luatex.def
File: luatex.def 2020/10/05 v1.2a Graphics/color driver for luatex

(/usr/local/texlive/2021/texmf-dist/tex/context/base/mkii/supp-pdf.mkii
[Loading MPS to PDF converter (version 2006.09.02).]
\scratchcounter=\count432
\scratchdimen=\dimen179
\scratchbox=\box68
\nofMPsegments=\count433
\nofMParguments=\count434
\everyMPshowfont=\toks36
\MPscratchCnt=\count435
\MPscratchDim=\dimen180
\MPnumerator=\count436
\makeMPintoPDFobject=\count437
\everyMPtoPDFconversion=\toks37
)))
Package hyperref Info: Link coloring ON on input line 95.
 (/usr/local/texlive/2021/texmf-dist/tex/latex/hyperref/nameref.sty
Package: nameref 2021-04-02 v2.47 Cross-referencing by name of section

(/usr/local/texlive/2021/texmf-dist/tex/latex/refcount/refcount.sty
Package: refcount 2019/12/15 v3.6 Data extraction from label references (HO)
)
(/usr/local/texlive/2021/texmf-dist/tex/generic/gettitlestring/gettitlestring.s
ty
Package: gettitlestring 2019/12/15 v1.6 Cleanup title references (HO)
)
\c@section@level=\count438
)
LaTeX Info: Redefining \ref on input line 95.
LaTeX Info: Redefining \pageref on input line 95.
LaTeX Info: Redefining \nameref on input line 95.
 (./inddef.out) (./inddef.out)
\@outlinefile=\write4

\openout4 = inddef.out
(load cache: extra_lmroman17-regular.luc)
LaTeX Font Info:    Font shape `JT3/mc/m/n' will be
(Font)              scaled to size 15.97903pt on input line 98.
LaTeX Font Info:    Font shape `JY3/mc/m/n' will be
(Font)              scaled to size 15.97903pt on input line 98.
(load cache: extra_lmroman12-regular.luc)
LaTeX Font Info:    Font shape `JT3/mc/m/n' will be
(Font)              scaled to size 11.09656pt on input line 98.
LaTeX Font Info:    Font shape `JY3/mc/m/n' will be
(Font)              scaled to size 11.09656pt on input line 98.
LaTeX Font Info:    Calculating math sizes for size <13.14001> on input line 98
.
(load cache: extra_lmroman6-regular.luc)
LaTeX Font Info:    Font shape `JY3/mc/m/n' will be
(Font)              scaled to size 7.76755pt on input line 98.
LaTeX Font Info:    Font shape `JY3/mc/m/n' will be
(Font)              scaled to size 5.54828pt on input line 98.
LaTeX Font Info:    Font shape `JT3/mc/m/n' will be
(Font)              scaled to size 13.31584pt on input line 122.
LaTeX Font Info:    Font shape `JY3/mc/m/n' will be
(Font)              scaled to size 13.31584pt on input line 122.
LaTeX Font Info:    Font shape `JT3/gt/m/n' will be
(Font)              scaled to size 13.31584pt on input line 122.
LaTeX Font Info:    Font shape `JY3/gt/m/n' will be
(Font)              scaled to size 13.31584pt on input line 122.
(load cache: extra_lmsans12-regular.luc) [1

{/usr/local/texlive/2021/texmf-var/fonts/map/pdftex/updmap/pdftex.map}] [2]
LaTeX Font Info:    Font shape `JT3/gt/m/n' will be
(Font)              scaled to size 9.24713pt on input line 220.
LaTeX Font Info:    Font shape `JY3/gt/m/n' will be
(Font)              scaled to size 9.24713pt on input line 220.
(load cache: extra_lmroman10-italic.luc)
LaTeX Font Info:    Font shape `JT3/gt/m/it' in size <10> not available
(Font)              Font shape `JT3/gt/m/n' tried instead on input line 220.
LaTeX Font Info:    Font shape `JT3/gt/m/n' will be
(Font)              scaled to size 8.44485pt on input line 220.
LaTeX Font Info:    Font shape `JY3/gt/m/it' in size <10> not available
(Font)              Font shape `JY3/gt/m/n' tried instead on input line 220.
LaTeX Font Info:    Font shape `JY3/gt/m/n' will be
(Font)              scaled to size 8.44485pt on input line 220.
LaTeX Font Info:    Calculating math sizes for size <8.76001> on input line 242
.


LaTeX Font Warning: Font shape `OML/cmm/m/it' in size <5.59996> not available
(Font)              size <6> substituted on input line 242.


LaTeX Font Warning: Font shape `OML/cmm/m/it' in size <4> not available
(Font)              size <5> substituted on input line 242.


LaTeX Font Warning: Font shape `OMS/cmsy/m/n' in size <5.59996> not available
(Font)              size <6> substituted on input line 242.


LaTeX Font Warning: Font shape `OMS/cmsy/m/n' in size <4> not available
(Font)              size <5> substituted on input line 242.

LaTeX Font Info:    Font shape `JY3/mc/m/n' will be
(Font)              scaled to size 5.17834pt on input line 242.
LaTeX Font Info:    Font shape `JY3/mc/m/n' will be
(Font)              scaled to size 3.69885pt on input line 242.

LaTeX Font Warning: Font shape `OT1/cmr/m/n' in size <5.59996> not available
(Font)              size <6> substituted on input line 242.


LaTeX Font Warning: Font shape `OT1/cmr/m/n' in size <4> not available
(Font)              size <5> substituted on input line 242.

LaTeX Font Info:    Font shape `JT3/mc/m/n' will be
(Font)              scaled to size 5.17834pt on input line 242.
[3] [4]
LaTeX Font Info:    Font shape `JT3/mc/m/n' will be
(Font)              scaled to size 4.62357pt on input line 357.
 [5] [6] [7]
LaTeX Font Info:    Font shape `JT3/mc/m/it' in size <10> not available
(Font)              Font shape `JT3/mc/m/n' tried instead on input line 571.
LaTeX Font Info:    Font shape `JT3/mc/m/n' will be
(Font)              scaled to size 8.44485pt on input line 571.
LaTeX Font Info:    Font shape `JY3/mc/m/it' in size <10> not available
(Font)              Font shape `JY3/mc/m/n' tried instead on input line 571.
LaTeX Font Info:    Font shape `JY3/mc/m/n' will be
(Font)              scaled to size 8.44485pt on input line 571.
(load cache: extra_lmroman10-bolditalic.luc)
LaTeX Font Info:    Font shape `JT3/mc/b/it' in size <10> not available
(Font)              Font shape `JT3/gt/m/n' tried instead on input line 571.
LaTeX Font Info:    Font shape `JT3/gt/m/n' will be
(Font)              scaled to size 8.44485pt on input line 571.
LaTeX Font Info:    Font shape `JY3/mc/b/it' in size <10> not available
(Font)              Font shape `JY3/gt/m/n' tried instead on input line 571.
LaTeX Font Info:    Font shape `JY3/gt/m/n' will be
(Font)              scaled to size 8.44485pt on input line 571.
 [8](load cache: extra_lmromancaps10-regular.luc)
LaTeX Font Info:    Font shape `JT3/mc/m/sc' in size <10> not available
(Font)              Font shape `JT3/mc/m/n' tried instead on input line 655.
LaTeX Font Info:    Font shape `JT3/mc/m/n' will be
(Font)              scaled to size 8.44485pt on input line 655.
LaTeX Font Info:    Font shape `JY3/mc/m/sc' in size <10> not available
(Font)              Font shape `JY3/mc/m/n' tried instead on input line 655.
LaTeX Font Info:    Font shape `JY3/mc/m/n' will be
(Font)              scaled to size 8.44485pt on input line 655.
(load cache: extra_lmmono10-regular.luc) [9] (./inddef.aux)

LaTeX Font Warning: Size substitutions with differences
(Font)              up to 2.5pt have occurred.

Package rerunfilecheck Info: File `inddef.out' has not changed.
(rerunfilecheck)             Checksum: 6A948140104BFB9C781ECD3C12721E67;715.
Package logreq Info: Writing requests to 'inddef.run.xml'.

\openout1 = inddef.run.xml
)

Here is how much of LuaTeX's memory you used:
 20937 strings out of 478388
 305809,1373583 words of node,token memory allocated
 44114 words of node memory still in use:
   11 hlist, 2 vlist, 5 rule, 59 glue, 623 kern, 1 glyph, 16553 attribute, 996 g
lue_spec, 855 attribute_list, 1 write, 132 user_defined, 4 pdf_action nodes
   avail lists: 1:33,2:67057,3:622,4:445,5:433,6:46,7:8621,8:121,9:3604,10:34,11
:30
 40208 multiletter control sequences out of 65536+600000
 116 fonts using 73143439 bytes
 114i,19n,112p,1765b,1195s stack positions out of 5000i,500n,10000p,200000b,80000s
</usr/local/texlive/2021/texmf-dist/fonts/opentype/public/lm/lmromancaps10-regul
ar.otf></usr/local/texlive/2021/texmf-dist/fonts/opentype/public/lm/lmmono10-reg
ular.otf></usr/local/texlive/2021/texmf-dist/fonts/opentype/public/lm/lmroman6-r
egular.otf></usr/local/texlive/2021/texmf-dist/fonts/opentype/public/lm/lmroman7
-regular.otf></usr/local/texlive/2021/texmf-dist/fonts/opentype/public/lm/lmroma
n10-bold.otf></usr/local/texlive/2021/texmf-dist/fonts/opentype/public/haranoaji
/HaranoAjiGothic-Medium.otf></usr/local/texlive/2021/texmf-dist/fonts/opentype/p
ublic/lm/lmsans12-regular.otf></usr/local/texlive/2021/texmf-dist/fonts/opentype
/public/lm/lmroman10-regular.otf></usr/local/texlive/2021/texmf-dist/fonts/opent
ype/public/lm/lmroman12-regular.otf></usr/local/texlive/2021/texmf-dist/fonts/op
entype/public/haranoaji/HaranoAjiMincho-Regular.otf></usr/local/texlive/2021/tex
mf-dist/fonts/type1/public/amsfonts/cm/cmex10.pfb></usr/local/texlive/2021/texmf
-dist/fonts/type1/public/amsfonts/cm/cmmi10.pfb></usr/local/texlive/2021/texmf-d
ist/fonts/type1/public/amsfonts/cm/cmmi7.pfb></usr/local/texlive/2021/texmf-dist
/fonts/type1/public/amsfonts/cm/cmr10.pfb></usr/local/texlive/2021/texmf-dist/fo
nts/type1/public/amsfonts/cm/cmr7.pfb></usr/local/texlive/2021/texmf-dist/fonts/
type1/public/amsfonts/cm/cmsy10.pfb></usr/local/texlive/2021/texmf-dist/fonts/ty
pe1/public/amsfonts/cm/cmsy7.pfb></usr/local/texlive/2021/texmf-dist/fonts/type1
/public/amsfonts/symbols/msbm10.pfb>
Output written on inddef.pdf (9 pages, 240541 bytes).

PDF statistics: 274 PDF objects out of 1000 (max. 8388607)
 222 compressed objects within 3 object streams
 50 named destinations out of 1000 (max. 131072)
 41 words of extra memory for PDF output out of 10000 (max. 100000000)

